<?xml version="1.0" encoding="UTF-8"?>
<!-- Generated by org.testng.reporters.JUnitReportReporter -->
<testsuite hostname="dtl-mac1.dmodtl.ceif.hpc.mil" name="com.consol.citrus.samples.SampleJavaIT" tests="2" failures="0" timestamp="21 Aug 2017 20:39:26 GMT" time="0.014" errors="0">
  <testcase name="echoToday" time="0.011" classname="com.consol.citrus.samples.SampleJavaIT"/>
  <testcase name="sayHello" time="0.003" classname="com.consol.citrus.samples.SampleJavaIT"/>
</testsuite> <!-- com.consol.citrus.samples.SampleJavaIT -->
