<?xml version="1.0" encoding="UTF-8"?>
<!-- Generated by org.testng.reporters.JUnitReportReporter -->
<testsuite hostname="dtl-mac1.dmodtl.ceif.hpc.mil" name="com.consol.citrus.samples.SampleXmlIT" tests="1" failures="0" timestamp="21 Aug 2017 20:39:26 GMT" time="0.138" errors="0">
  <testcase name="sampleXml" time="0.138" classname="com.consol.citrus.samples.SampleXmlIT"/>
</testsuite> <!-- com.consol.citrus.samples.SampleXmlIT -->
